{
  "RSpec": {
    "coverage": {
      "/Users/will/Projects/MA-COURSE/week10/bank/spec/bank_spec.rb": [
        1,
        null,
        1,
        null,
        7,
        null,
        1,
        null,
        1,
        1,
        null,
        null,
        1,
        1,
        1,
        null,
        null,
        null,
        null,
        1,
        1,
        1,
        1,
        null,
        null,
        1,
        1,
        1,
        1,
        null,
        null,
        null,
        null,
        1,
        null,
        1,
        1,
        1,
        null,
        null,
        1,
        1,
        1,
        1,
        null,
        null,
        null,
        null,
        1,
        null,
        null,
        null,
        null
      ],
      "/Users/will/Projects/MA-COURSE/week10/bank/lib/bank.rb": [
        1,
        null,
        1,
        null,
        1,
        6,
        6,
        null,
        null,
        1,
        4,
        4,
        4,
        null,
        null,
        1,
        2,
        2,
        null,
        null,
        null
      ],
      "/Users/will/Projects/MA-COURSE/week10/bank/spec/transaction_spec.rb": [

      ]
    },
    "timestamp": 1507026619
  }
}
